{"logLevel":"debug","message":"multithreading is set to false"}
{"logLevel":"debug","message":"Using reflection to scan dependencies for gauge implementations..."}
SLF4J: Failed to load class "org.slf4j.impl.StaticLoggerBinder".
SLF4J: Defaulting to no-operation (NOP) logger implementation
SLF4J: See http://www.slf4j.org/codes.html#StaticLoggerBinder for further details.
{"logLevel":"debug","message":"gauge-java took 1571milliseconds to load and scan. This should be less than 'runner_connection_timeout' config value."}
{"logLevel":"debug","message":"run 'gauge config runner_connection_timeout' and verify that it is < 1571"}
{"logLevel":"debug","message":"starting gRPC server..."}
{"logLevel":"debug","message":"started gRPC server on port 60545"}
{"logLevel":"info","message":"Listening on port:60545"}
{"logLevel":"debug","message":"Scanning packages for steps"}
{"logLevel":"debug","message":"Comparing 'com.demiroren.steps.StepImplementation.scrollWWithAction' and 'com.demiroren.steps.StepImplementation.scrollWWithAction'"}
{"logLevel":"debug","message":"Found {} elementine kadar asagi kaydir in current project scope."}
{"logLevel":"debug","message":"Comparing 'com.demiroren.steps.StepImplementation.goToUrl' and 'com.demiroren.steps.StepImplementation.goToUrl'"}
{"logLevel":"debug","message":"Found Milliyet {} adresine git in current project scope."}
{"logLevel":"debug","message":"Comparing 'com.demiroren.steps.StepImplementation.checkElementContainsText' and 'com.demiroren.steps.StepImplementation.checkElementContainsText'"}
{"logLevel":"debug","message":"Found {} elementi {} degerini iceriyor mu kontrol et in current project scope."}
{"logLevel":"debug","message":"Comparing 'com.demiroren.steps.StepImplementation.checkURLContainsRepeat' and 'com.demiroren.steps.StepImplementation.checkURLContainsRepeat'"}
{"logLevel":"debug","message":"Found Su an ki URL {} degerini iceriyor mu kontrol et in current project scope."}
{"logLevel":"debug","message":"Comparing 'com.demiroren.steps.StepImplementation.clickElement' and 'com.demiroren.steps.StepImplementation.clickElement'"}
{"logLevel":"debug","message":"Found Elementine t?kla {} in current project scope."}
{"logLevel":"debug","message":"Comparing 'com.demiroren.steps.StepImplementation.clickXpath' and 'com.demiroren.steps.StepImplementation.clickXpath'"}
{"logLevel":"debug","message":"Found Elemente xpath ile t?kla {} in current project scope."}
{"logLevel":"debug","message":"Comparing 'com.demiroren.steps.StepImplementation.checkElement' and 'com.demiroren.steps.StepImplementation.checkElement'"}
{"logLevel":"debug","message":"Found {} elementini kontrol et in current project scope."}
{"logLevel":"debug","message":"Comparing 'com.demiroren.steps.StepImplementation.chromeFocusFrameWithNumber' and 'com.demiroren.steps.StepImplementation.chromeFocusFrameWithNumber'"}
{"logLevel":"debug","message":"Found Frame'e odaklan {} in current project scope."}
{"logLevel":"debug","message":"Comparing 'com.demiroren.steps.StepImplementation.chromeSwitchBackToDefaultContent' and 'com.demiroren.steps.StepImplementation.chromeSwitchBackToDefaultContent'"}
{"logLevel":"debug","message":"Found Frame'den ç?k ve varsay?lan içeri?e dön in current project scope."}
{"logLevel":"debug","message":"Comparing 'com.demiroren.steps.StepImplementation.chromeFocusNewTabWithNumber' and 'com.demiroren.steps.StepImplementation.chromeFocusNewTabWithNumber'"}
{"logLevel":"debug","message":"Found Yeni sekmeye odaklan in current project scope."}
{"logLevel":"debug","message":"Comparing 'com.demiroren.steps.StepImplementation.getElementWithKeyClickIfExists' and 'com.demiroren.steps.StepImplementation.getElementWithKeyClickIfExists'"}
{"logLevel":"debug","message":"Found Element {} varsa t?kla in current project scope."}
{"logLevel":"debug","message":"Comparing 'com.demiroren.steps.StepImplementation.waitWithSecond' and 'com.demiroren.steps.StepImplementation.waitWithSecond'"}
{"logLevel":"debug","message":"Found {} saniye kadar bekle in current project scope."}
{"logLevel":"debug","message":"Scanning packages for hooks"}
{"logLevel":"debug","message":"Scanned steps (using static parsing + reflections): "}
{"logLevel":"debug","message":"\t{} elementine kadar asagi kaydir : public void scrollWWithAction(String key)"}
{"logLevel":"debug","message":"\t{} elementini kontrol et : public void checkElement(String key)"}
{"logLevel":"debug","message":"\tMilliyet {} adresine git : public void goToUrl(String url)"}
{"logLevel":"debug","message":"\t{} elementi {} degerini iceriyor mu kontrol et : public void checkElementContainsText(String key, String expectedText)"}
{"logLevel":"debug","message":"\tFrame'e odaklan {} : public void chromeFocusFrameWithNumber(String key)"}
{"logLevel":"debug","message":"\tElemente xpath ile t?kla {} : public void clickXpath(By xpath)"}
{"logLevel":"debug","message":"\tElement {} varsa t?kla : public void getElementWithKeyClickIfExists(String key)"}
{"logLevel":"debug","message":"\tFrame'den ç?k ve varsay?lan içeri?e dön : public void chromeSwitchBackToDefaultContent()"}
{"logLevel":"debug","message":"\t{} saniye kadar bekle : public void waitWithSecond(?nt Key) throws InterruptedException"}
{"logLevel":"debug","message":"\tElementine t?kla {} : public void clickElement(String key)"}
{"logLevel":"debug","message":"\tYeni sekmeye odaklan : public void chromeFocusNewTabWithNumber() throws InterruptedException"}
{"logLevel":"debug","message":"\tSu an ki URL {} degerini iceriyor mu kontrol et : public void checkURLContainsRepeat(String expectedURL)"}
May 31, 2024 12:28:05 ÖÖ org.openqa.selenium.devtools.CdpVersionFinder findNearestMatch
WARNING: Unable to find CDP implementation matching 125
May 31, 2024 12:28:05 ÖÖ org.openqa.selenium.chromium.ChromiumDriver lambda$new$5
WARNING: Unable to find version of CDP to use for 125.0.6422.113. You may need to include a dependency on a specific version of the CDP using something similar to `org.seleniumhq.selenium:selenium-devtools-v86:4.12.1` where the version ("v86") matches the version of the chromium-based browser you're using and the version number of the artifact is the same as Selenium's.
{"logLevel":"debug","message":"Executing 'Milliyet {} adresine git' using 'class com.demiroren.steps.StepImplementation.goToUrl"}
elementValues.json Dosyas?nda 6 Adet element de?eri bulundu.
https://www.milliyet.com.tr/ adresine gidiliyor.
{"logLevel":"debug","message":"Executing '{} saniye kadar bekle' using 'class com.demiroren.steps.StepImplementation.waitWithSecond"}
{"logLevel":"debug","message":"Executing 'Frame'e odaklan {}' using 'class com.demiroren.steps.StepImplementation.chromeFocusFrameWithNumber"}
{"logLevel":"debug","message":"Executing '{} saniye kadar bekle' using 'class com.demiroren.steps.StepImplementation.waitWithSecond"}
{"logLevel":"debug","message":"Executing 'Elementine t?kla {}' using 'class com.demiroren.steps.StepImplementation.clickElement"}
{"logLevel":"debug","message":"Executing '{} saniye kadar bekle' using 'class com.demiroren.steps.StepImplementation.waitWithSecond"}
{"logLevel":"debug","message":"Executing 'Frame'den ç?k ve varsay?lan içeri?e dön' using 'class com.demiroren.steps.StepImplementation.chromeSwitchBackToDefaultContent"}
{"logLevel":"debug","message":"Executing 'Elementine t?kla {}' using 'class com.demiroren.steps.StepImplementation.clickElement"}
{"logLevel":"debug","message":"Executing '{} saniye kadar bekle' using 'class com.demiroren.steps.StepImplementation.waitWithSecond"}
{"logLevel":"debug","message":"Executing 'Yeni sekmeye odaklan' using 'class com.demiroren.steps.StepImplementation.chromeFocusNewTabWithNumber"}
{"logLevel":"debug","message":"Executing '{} saniye kadar bekle' using 'class com.demiroren.steps.StepImplementation.waitWithSecond"}
{"logLevel":"debug","message":"Executing 'Frame'e odaklan {}' using 'class com.demiroren.steps.StepImplementation.chromeFocusFrameWithNumber"}
{"logLevel":"debug","message":"Executing '{} saniye kadar bekle' using 'class com.demiroren.steps.StepImplementation.waitWithSecond"}
{"logLevel":"debug","message":"Executing 'Elementine t?kla {}' using 'class com.demiroren.steps.StepImplementation.clickElement"}
{"logLevel":"debug","message":"Executing '{} saniye kadar bekle' using 'class com.demiroren.steps.StepImplementation.waitWithSecond"}
{"logLevel":"debug","message":"Executing '{} elementini kontrol et' using 'class com.demiroren.steps.StepImplementation.checkElement"}
{"logLevel":"debug","message":"Killing Java runner..."}
{"logLevel":"debug","message":"Stopping execution pool..."}
{"logLevel":"debug","message":"Shutting down grpc server..."}
{"logLevel":"debug","message":"Runner killed gracefully."}
